0 info it worked if it ends with ok
1 verbose cli [ 'C:\\Program Files\\nodejs\\node.exe',
1 verbose cli   'C:\\Program Files\\nodejs\\node_modules\\npm\\bin\\npm-cli.js',
1 verbose cli   'run',
1 verbose cli   'bundle' ]
2 info using npm@3.10.10
3 info using node@v6.11.4
4 verbose run-script [ 'prebundle', 'bundle', 'postbundle' ]
5 info lifecycle assignment@1.0.0~prebundle: assignment@1.0.0
6 silly lifecycle assignment@1.0.0~prebundle: no script for prebundle, continuing
7 info lifecycle assignment@1.0.0~bundle: assignment@1.0.0
8 verbose lifecycle assignment@1.0.0~bundle: unsafe-perm in lifecycle true
9 verbose lifecycle assignment@1.0.0~bundle: PATH: C:\Program Files\nodejs\node_modules\npm\bin\node-gyp-bin;D:\xampp\htdocs\Assignment\node_modules\.bin;C:\Windows\System32;C:\Windows;C:\Windows\System32\wbem;C:\Windows\System32\WindowsPowerShell\v1.0\;C:\xampp\php;C:\Program Files\Intel\WiFi\bin\;C:\Program Files\Common Files\Intel\WirelessCommon\;C:\Program Files\nodejs\;D:\xampp\php;C:\composer;C:\Program Files\MySQL\MySQL Server 5.7\bin;C:\Program Files\Git\cmd;C:\ProgramData\chocolatey\bin;C:\Ruby23-x64\bin;C:\Users\prerana.singh\AppData\Roaming\Composer\vendor\bin;C:\Program Files\Intel\WiFi\bin\;C:\Program Files\Common Files\Intel\WirelessCommon\;C:\Users\prerana.singh\AppData\Roaming\npm;C:\Users\prerana.singh\AppData\Local\GitHubDesktop\bin;C:\Users\prerana.singh\AppData\Local\Microsoft\WindowsApps;C:\Users\prerana.singh\AppData\Local\.meteor;
10 verbose lifecycle assignment@1.0.0~bundle: CWD: D:\xampp\htdocs\Assignment
11 silly lifecycle assignment@1.0.0~bundle: Args: [ '/d /s /c', 'webpack dist/*.js src/bundle.js' ]
12 silly lifecycle assignment@1.0.0~bundle: Returned: code: 2  signal: null
13 info lifecycle assignment@1.0.0~bundle: Failed to exec bundle script
14 verbose stack Error: assignment@1.0.0 bundle: `webpack dist/*.js src/bundle.js`
14 verbose stack Exit status 2
14 verbose stack     at EventEmitter.<anonymous> (C:\Program Files\nodejs\node_modules\npm\lib\utils\lifecycle.js:255:16)
14 verbose stack     at emitTwo (events.js:106:13)
14 verbose stack     at EventEmitter.emit (events.js:191:7)
14 verbose stack     at ChildProcess.<anonymous> (C:\Program Files\nodejs\node_modules\npm\lib\utils\spawn.js:40:14)
14 verbose stack     at emitTwo (events.js:106:13)
14 verbose stack     at ChildProcess.emit (events.js:191:7)
14 verbose stack     at maybeClose (internal/child_process.js:920:16)
14 verbose stack     at Process.ChildProcess._handle.onexit (internal/child_process.js:230:5)
15 verbose pkgid assignment@1.0.0
16 verbose cwd D:\xampp\htdocs\Assignment
17 error Windows_NT 10.0.16299
18 error argv "C:\\Program Files\\nodejs\\node.exe" "C:\\Program Files\\nodejs\\node_modules\\npm\\bin\\npm-cli.js" "run" "bundle"
19 error node v6.11.4
20 error npm  v3.10.10
21 error code ELIFECYCLE
22 error assignment@1.0.0 bundle: `webpack dist/*.js src/bundle.js`
22 error Exit status 2
23 error Failed at the assignment@1.0.0 bundle script 'webpack dist/*.js src/bundle.js'.
23 error Make sure you have the latest version of node.js and npm installed.
23 error If you do, this is most likely a problem with the assignment package,
23 error not with npm itself.
23 error Tell the author that this fails on your system:
23 error     webpack dist/*.js src/bundle.js
23 error You can get information on how to open an issue for this project with:
23 error     npm bugs assignment
23 error Or if that isn't available, you can get their info via:
23 error     npm owner ls assignment
23 error There is likely additional logging output above.
24 verbose exit [ 1, true ]
